<?xml version="1.0" encoding="UTF-8"?>
<!-- Generated by org.testng.reporters.JUnitReportReporter -->
<testsuite hostname="Tatiana" name="tests.Example" tests="1" failures="0" timestamp="19 Apr 2016 07:41:17 GMT" time="0.014" errors="0">
  <testcase name="test" time="0.014" classname="tests.Example"/>
</testsuite> <!-- tests.Example -->
