<?xml version="1.0" encoding="UTF-8"?>
<!-- Generated by org.testng.reporters.JUnitReportReporter -->
<testsuite hostname="Tatiana" name="tests.MailTest_OLD_Version" tests="7" failures="0" timestamp="18 Apr 2016 09:27:23 GMT" time="53.950" errors="0">
  <testcase name="openInboxPage" time="6.602" classname="tests.MailTest_OLD_Version"/>
  <testcase name="dragAndDrop" time="1.765" classname="tests.MailTest_OLD_Version"/>
  <testcase name="assertLetter" time="2.784" classname="tests.MailTest_OLD_Version"/>
  <testcase name="createLetter" time="4.143" classname="tests.MailTest_OLD_Version"/>
  <testcase name="logOut" time="3.990" classname="tests.MailTest_OLD_Version"/>
  <testcase name="assertLetter" time="17.725" classname="tests.MailTest_OLD_Version"/>
  <testcase name="createLetter" time="16.941" classname="tests.MailTest_OLD_Version"/>
</testsuite> <!-- tests.MailTest_OLD_Version -->
