<?xml version="1.0" encoding="UTF-8"?>
<!-- Generated by org.testng.reporters.JUnitReportReporter -->
<testsuite hostname="Tatiana" name="tests.service.MailTest" tests="3" failures="0" timestamp="18 Apr 2016 11:16:04 GMT" time="18.161" errors="0">
  <testcase name="createLetter" time="6.118" classname="tests.service.MailTest"/>
  <testcase name="openInboxPage" time="7.127" classname="tests.service.MailTest"/>
  <testcase name="createLetter" time="4.916" classname="tests.service.MailTest"/>
</testsuite> <!-- tests.service.MailTest -->
